# Logfile created on 2022-09-25 11:11:56 +0200 by logger.rb/v1.5.0
I, [2022-09-25T11:11:56.502487 #23730]  INFO -- : (0.000287s) SET standard_conforming_strings = ON
I, [2022-09-25T11:11:56.502811 #23730]  INFO -- : (0.000185s) SET client_min_messages = 'WARNING'
I, [2022-09-25T11:11:56.503065 #23730]  INFO -- : (0.000178s) SET DateStyle = 'ISO'
I, [2022-09-25T11:11:56.503900 #23730]  INFO -- : (0.000448s) SELECT CAST(current_setting('server_version_num') AS integer) AS v
I, [2022-09-25T11:11:56.504891 #23730]  INFO -- : (0.000668s) SELECT NULL AS "nil" FROM "authors" LIMIT 1
I, [2022-09-25T11:12:36.191802 #25576]  INFO -- : (0.000305s) SET standard_conforming_strings = ON
I, [2022-09-25T11:12:36.192673 #25576]  INFO -- : (0.000267s) SET client_min_messages = 'WARNING'
I, [2022-09-25T11:12:36.192990 #25576]  INFO -- : (0.000248s) SET DateStyle = 'ISO'
I, [2022-09-25T11:12:36.193743 #25576]  INFO -- : (0.000496s) SELECT CAST(current_setting('server_version_num') AS integer) AS v
I, [2022-09-25T11:12:36.194582 #25576]  INFO -- : (0.000655s) SELECT NULL AS "nil" FROM "authors" LIMIT 1
I, [2022-09-25T11:26:22.590462 #26156]  INFO -- : (0.000382s) SET standard_conforming_strings = ON
I, [2022-09-25T11:26:22.590824 #26156]  INFO -- : (0.000198s) SET client_min_messages = 'WARNING'
I, [2022-09-25T11:26:22.591108 #26156]  INFO -- : (0.000196s) SET DateStyle = 'ISO'
I, [2022-09-25T11:26:22.591849 #26156]  INFO -- : (0.000471s) SELECT CAST(current_setting('server_version_num') AS integer) AS v
I, [2022-09-25T11:26:22.592700 #26156]  INFO -- : (0.000607s) SELECT NULL AS "nil" FROM "authors" LIMIT 1
I, [2022-09-25T14:06:28.830029 #33326]  INFO -- : (0.000309s) SET standard_conforming_strings = ON
I, [2022-09-25T14:06:28.830270 #33326]  INFO -- : (0.000126s) SET client_min_messages = 'WARNING'
I, [2022-09-25T14:06:28.830501 #33326]  INFO -- : (0.000171s) SET DateStyle = 'ISO'
I, [2022-09-25T14:06:28.831229 #33326]  INFO -- : (0.000455s) SELECT CAST(current_setting('server_version_num') AS integer) AS v
E, [2022-09-25T14:06:28.832822 #33326] ERROR -- : PG::UndefinedTable: ERROR:  relation "authors" does not exist
LINE 1: SELECT NULL AS "nil" FROM "authors" LIMIT 1
                                  ^: SELECT NULL AS "nil" FROM "authors" LIMIT 1
I, [2022-09-25T14:06:28.848824 #33326]  INFO -- : (0.015227s) CREATE TABLE "authors" ("id" bigint GENERATED BY DEFAULT AS IDENTITY PRIMARY KEY, "name" text, "username" text, "description" text, "followers_count" integer, "following_count" integer, "tweet_count" integer, "listed_count" integer)
I, [2022-09-25T14:25:41.575919 #34582]  INFO -- : (0.000286s) SET standard_conforming_strings = ON
I, [2022-09-25T14:25:41.576278 #34582]  INFO -- : (0.000209s) SET client_min_messages = 'WARNING'
I, [2022-09-25T14:25:41.576522 #34582]  INFO -- : (0.000159s) SET DateStyle = 'ISO'
I, [2022-09-25T14:25:41.577298 #34582]  INFO -- : (0.000516s) SELECT CAST(current_setting('server_version_num') AS integer) AS v
I, [2022-09-25T14:25:41.578201 #34582]  INFO -- : (0.000671s) SELECT NULL AS "nil" FROM "authors" LIMIT 1
I, [2022-09-25T14:27:23.797269 #34846]  INFO -- : (0.000315s) SET standard_conforming_strings = ON
I, [2022-09-25T14:27:23.797963 #34846]  INFO -- : (0.000495s) SET client_min_messages = 'WARNING'
I, [2022-09-25T14:27:23.798208 #34846]  INFO -- : (0.000154s) SET DateStyle = 'ISO'
I, [2022-09-25T14:27:23.799209 #34846]  INFO -- : (0.000612s) SELECT CAST(current_setting('server_version_num') AS integer) AS v
I, [2022-09-25T14:27:23.800444 #34846]  INFO -- : (0.000934s) SELECT NULL AS "nil" FROM "authors" LIMIT 1
I, [2022-09-25T14:44:38.406906 #35375]  INFO -- : (0.000373s) SET standard_conforming_strings = ON
I, [2022-09-25T14:44:38.407416 #35375]  INFO -- : (0.000343s) SET client_min_messages = 'WARNING'
I, [2022-09-25T14:44:38.414671 #35375]  INFO -- : (0.000345s) SET DateStyle = 'ISO'
I, [2022-09-25T14:44:38.415924 #35375]  INFO -- : (0.000792s) SELECT CAST(current_setting('server_version_num') AS integer) AS v
I, [2022-09-25T14:44:38.417387 #35375]  INFO -- : (0.001100s) SELECT NULL AS "nil" FROM "authors" LIMIT 1
I, [2022-09-25T14:47:06.420384 #35656]  INFO -- : (0.000216s) SET standard_conforming_strings = ON
I, [2022-09-25T14:47:06.420648 #35656]  INFO -- : (0.000161s) SET client_min_messages = 'WARNING'
I, [2022-09-25T14:47:06.420869 #35656]  INFO -- : (0.000152s) SET DateStyle = 'ISO'
I, [2022-09-25T14:47:06.421494 #35656]  INFO -- : (0.000381s) SELECT CAST(current_setting('server_version_num') AS integer) AS v
I, [2022-09-25T14:47:06.422335 #35656]  INFO -- : (0.000584s) SELECT NULL AS "nil" FROM "authors" LIMIT 1
I, [2022-09-25T14:56:27.572811 #36142]  INFO -- : (0.000581s) SET standard_conforming_strings = ON
I, [2022-09-25T14:56:27.573508 #36142]  INFO -- : (0.000221s) SET client_min_messages = 'WARNING'
I, [2022-09-25T14:56:27.578308 #36142]  INFO -- : (0.004661s) SET DateStyle = 'ISO'
I, [2022-09-25T14:56:27.579577 #36142]  INFO -- : (0.000743s) SELECT CAST(current_setting('server_version_num') AS integer) AS v
I, [2022-09-25T14:56:27.580935 #36142]  INFO -- : (0.000993s) SELECT NULL AS "nil" FROM "authors" LIMIT 1
I, [2022-09-25T14:58:52.404401 #36417]  INFO -- : (0.000340s) SET standard_conforming_strings = ON
I, [2022-09-25T14:58:52.404880 #36417]  INFO -- : (0.000284s) SET client_min_messages = 'WARNING'
I, [2022-09-25T14:58:52.405154 #36417]  INFO -- : (0.000186s) SET DateStyle = 'ISO'
I, [2022-09-25T14:58:52.406085 #36417]  INFO -- : (0.000571s) SELECT CAST(current_setting('server_version_num') AS integer) AS v
I, [2022-09-25T14:58:52.406960 #36417]  INFO -- : (0.000617s) SELECT NULL AS "nil" FROM "authors" LIMIT 1
I, [2022-09-25T15:01:39.092191 #36680]  INFO -- : (0.000265s) SET standard_conforming_strings = ON
I, [2022-09-25T15:01:39.092616 #36680]  INFO -- : (0.000246s) SET client_min_messages = 'WARNING'
I, [2022-09-25T15:01:39.092849 #36680]  INFO -- : (0.000153s) SET DateStyle = 'ISO'
I, [2022-09-25T15:01:39.094062 #36680]  INFO -- : (0.000793s) SELECT CAST(current_setting('server_version_num') AS integer) AS v
I, [2022-09-25T15:01:39.095273 #36680]  INFO -- : (0.000832s) SELECT NULL AS "nil" FROM "authors" LIMIT 1
I, [2022-09-25T15:20:01.108679 #37341]  INFO -- : (0.000280s) SET standard_conforming_strings = ON
I, [2022-09-25T15:20:01.108942 #37341]  INFO -- : (0.000129s) SET client_min_messages = 'WARNING'
I, [2022-09-25T15:20:01.109138 #37341]  INFO -- : (0.000137s) SET DateStyle = 'ISO'
I, [2022-09-25T15:20:01.110234 #37341]  INFO -- : (0.000552s) SELECT CAST(current_setting('server_version_num') AS integer) AS v
I, [2022-09-25T15:20:01.111542 #37341]  INFO -- : (0.000741s) SELECT NULL AS "nil" FROM "authors" LIMIT 1
I, [2022-09-25T15:25:49.922652 #37647]  INFO -- : (0.000361s) SET standard_conforming_strings = ON
I, [2022-09-25T15:25:49.923014 #37647]  INFO -- : (0.000256s) SET client_min_messages = 'WARNING'
I, [2022-09-25T15:25:49.923377 #37647]  INFO -- : (0.000313s) SET DateStyle = 'ISO'
I, [2022-09-25T15:25:49.924148 #37647]  INFO -- : (0.000528s) SELECT CAST(current_setting('server_version_num') AS integer) AS v
I, [2022-09-25T15:25:49.925241 #37647]  INFO -- : (0.000848s) SELECT NULL AS "nil" FROM "authors" LIMIT 1
I, [2022-09-25T15:29:43.733793 #37932]  INFO -- : (0.000217s) SET standard_conforming_strings = ON
I, [2022-09-25T15:29:43.734030 #37932]  INFO -- : (0.000121s) SET client_min_messages = 'WARNING'
I, [2022-09-25T15:29:43.734257 #37932]  INFO -- : (0.000155s) SET DateStyle = 'ISO'
I, [2022-09-25T15:29:43.734906 #37932]  INFO -- : (0.000420s) SELECT CAST(current_setting('server_version_num') AS integer) AS v
I, [2022-09-25T15:29:43.735734 #37932]  INFO -- : (0.000641s) SELECT NULL AS "nil" FROM "authors" LIMIT 1
I, [2022-09-25T15:38:08.446024 #38449]  INFO -- : (0.000322s) SET standard_conforming_strings = ON
I, [2022-09-25T15:38:08.446306 #38449]  INFO -- : (0.000175s) SET client_min_messages = 'WARNING'
I, [2022-09-25T15:38:08.446494 #38449]  INFO -- : (0.000110s) SET DateStyle = 'ISO'
I, [2022-09-25T15:38:08.447071 #38449]  INFO -- : (0.000343s) SELECT CAST(current_setting('server_version_num') AS integer) AS v
I, [2022-09-25T15:38:08.447958 #38449]  INFO -- : (0.000654s) SELECT NULL AS "nil" FROM "authors" LIMIT 1
I, [2022-09-25T15:42:01.461809 #39016]  INFO -- : (0.000232s) SET standard_conforming_strings = ON
I, [2022-09-25T15:42:01.462082 #39016]  INFO -- : (0.000122s) SET client_min_messages = 'WARNING'
I, [2022-09-25T15:42:01.462257 #39016]  INFO -- : (0.000111s) SET DateStyle = 'ISO'
I, [2022-09-25T15:42:01.462987 #39016]  INFO -- : (0.000392s) SELECT CAST(current_setting('server_version_num') AS integer) AS v
I, [2022-09-25T15:42:01.463748 #39016]  INFO -- : (0.000548s) SELECT NULL AS "nil" FROM "authors" LIMIT 1
I, [2022-09-25T15:43:08.285040 #39280]  INFO -- : (0.000356s) SET standard_conforming_strings = ON
I, [2022-09-25T15:43:08.285662 #39280]  INFO -- : (0.000220s) SET client_min_messages = 'WARNING'
I, [2022-09-25T15:43:08.286257 #39280]  INFO -- : (0.000243s) SET DateStyle = 'ISO'
I, [2022-09-25T15:43:08.287483 #39280]  INFO -- : (0.000629s) SELECT CAST(current_setting('server_version_num') AS integer) AS v
I, [2022-09-25T15:43:08.288518 #39280]  INFO -- : (0.000768s) SELECT NULL AS "nil" FROM "authors" LIMIT 1
I, [2022-09-25T15:46:55.483134 #39561]  INFO -- : (0.000317s) SET standard_conforming_strings = ON
I, [2022-09-25T15:46:55.483481 #39561]  INFO -- : (0.000199s) SET client_min_messages = 'WARNING'
I, [2022-09-25T15:46:55.483696 #39561]  INFO -- : (0.000143s) SET DateStyle = 'ISO'
I, [2022-09-25T15:46:55.484484 #39561]  INFO -- : (0.000423s) SELECT CAST(current_setting('server_version_num') AS integer) AS v
I, [2022-09-25T15:46:55.485381 #39561]  INFO -- : (0.000602s) SELECT NULL AS "nil" FROM "authors" LIMIT 1
I, [2022-09-25T15:49:11.062691 #39829]  INFO -- : (0.000448s) SET standard_conforming_strings = ON
I, [2022-09-25T15:49:11.063369 #39829]  INFO -- : (0.000349s) SET client_min_messages = 'WARNING'
I, [2022-09-25T15:49:11.070447 #39829]  INFO -- : (0.000213s) SET DateStyle = 'ISO'
I, [2022-09-25T15:49:11.071411 #39829]  INFO -- : (0.000546s) SELECT CAST(current_setting('server_version_num') AS integer) AS v
I, [2022-09-25T15:49:11.072741 #39829]  INFO -- : (0.000984s) SELECT NULL AS "nil" FROM "authors" LIMIT 1
I, [2022-09-25T15:54:28.230415 #40158]  INFO -- : (0.000257s) SET standard_conforming_strings = ON
I, [2022-09-25T15:54:28.230686 #40158]  INFO -- : (0.000142s) SET client_min_messages = 'WARNING'
I, [2022-09-25T15:54:28.230899 #40158]  INFO -- : (0.000150s) SET DateStyle = 'ISO'
I, [2022-09-25T15:54:28.231706 #40158]  INFO -- : (0.000482s) SELECT CAST(current_setting('server_version_num') AS integer) AS v
I, [2022-09-25T15:54:28.232607 #40158]  INFO -- : (0.000688s) SELECT NULL AS "nil" FROM "authors" LIMIT 1
